d:\vs code\game\debug\vc142.pdb
d:\vs code\game\debug\vc142.idb
d:\vs code\game\debug\win.obj
d:\vs code\game\debug\vector2d.obj
d:\vs code\game\debug\system.obj
d:\vs code\game\debug\select.obj
d:\vs code\game\debug\menu.obj
d:\vs code\game\debug\matrix2d.obj
d:\vs code\game\debug\math2d.obj
d:\vs code\game\debug\level3.obj
d:\vs code\game\debug\level2.obj
d:\vs code\game\debug\level1.obj
d:\vs code\game\debug\help.obj
d:\vs code\game\debug\gamestatemanager.obj
d:\vs code\game\debug\end.obj
d:\vs code\game\debug\control.obj
d:\vs code\game\debug\main.obj
d:\vs code\game\debug\game.exe
d:\vs code\game\debug\game.ilk
d:\vs code\game\debug\game.pdb
d:\vs code\game\debug\game.tlog\cl.command.1.tlog
d:\vs code\game\debug\game.tlog\cl.read.1.tlog
d:\vs code\game\debug\game.tlog\cl.write.1.tlog
d:\vs code\game\debug\game.tlog\link.command.1.tlog
d:\vs code\game\debug\game.tlog\link.read.1.tlog
d:\vs code\game\debug\game.tlog\link.write.1.tlog
